mode: set
api-airbnb-alta/features/comment/service/logic.go:18.69,23.2 1 1
api-airbnb-alta/features/comment/service/logic.go:25.87,27.71 1 0
api-airbnb-alta/features/comment/service/logic.go:31.2,32.22 2 0
api-airbnb-alta/features/comment/service/logic.go:37.2,37.12 1 0
api-airbnb-alta/features/comment/service/logic.go:27.71,29.3 1 0
api-airbnb-alta/features/comment/service/logic.go:32.22,35.3 2 0
api-airbnb-alta/features/comment/service/logic.go:41.86,45.16 2 1
api-airbnb-alta/features/comment/service/logic.go:50.2,50.20 1 1
api-airbnb-alta/features/comment/service/logic.go:55.2,55.18 1 1
api-airbnb-alta/features/comment/service/logic.go:45.16,48.3 2 1
api-airbnb-alta/features/comment/service/logic.go:50.20,53.3 2 1
api-airbnb-alta/features/comment/service/logic.go:58.79,60.16 2 1
api-airbnb-alta/features/comment/service/logic.go:65.2,65.30 1 1
api-airbnb-alta/features/comment/service/logic.go:70.2,70.18 1 1
api-airbnb-alta/features/comment/service/logic.go:60.16,63.3 2 1
api-airbnb-alta/features/comment/service/logic.go:65.30,68.3 2 1
api-airbnb-alta/features/comment/service/logic.go:74.89,76.71 1 0
api-airbnb-alta/features/comment/service/logic.go:81.2,82.22 2 0
api-airbnb-alta/features/comment/service/logic.go:88.2,89.16 2 0
api-airbnb-alta/features/comment/service/logic.go:94.2,94.12 1 0
api-airbnb-alta/features/comment/service/logic.go:76.71,78.3 1 0
api-airbnb-alta/features/comment/service/logic.go:82.22,85.3 2 0
api-airbnb-alta/features/comment/service/logic.go:89.16,92.3 2 0
api-airbnb-alta/features/comment/service/logic.go:97.53,100.22 2 0
api-airbnb-alta/features/comment/service/logic.go:106.2,107.16 2 0
api-airbnb-alta/features/comment/service/logic.go:111.2,111.12 1 0
api-airbnb-alta/features/comment/service/logic.go:100.22,103.3 2 0
api-airbnb-alta/features/comment/service/logic.go:107.16,110.3 2 0
