mode: set
api-airbnb-alta/features/auth/service/logic.go:20.63,25.2 1 0
api-airbnb-alta/features/auth/service/logic.go:27.82,29.74 1 0
api-airbnb-alta/features/auth/service/logic.go:34.2,35.21 2 0
api-airbnb-alta/features/auth/service/logic.go:46.2,49.25 4 0
api-airbnb-alta/features/auth/service/logic.go:54.2,55.21 2 0
api-airbnb-alta/features/auth/service/logic.go:60.2,60.27 1 0
api-airbnb-alta/features/auth/service/logic.go:29.74,32.3 2 0
api-airbnb-alta/features/auth/service/logic.go:35.21,37.50 2 0
api-airbnb-alta/features/auth/service/logic.go:37.50,39.4 1 0
api-airbnb-alta/features/auth/service/logic.go:39.9,39.57 1 0
api-airbnb-alta/features/auth/service/logic.go:39.57,41.4 1 0
api-airbnb-alta/features/auth/service/logic.go:41.9,43.4 1 0
api-airbnb-alta/features/auth/service/logic.go:49.25,52.3 2 0
api-airbnb-alta/features/auth/service/logic.go:55.21,58.3 2 0
api-airbnb-alta/features/user/service/logic.go:22.63,27.2 1 1
api-airbnb-alta/features/user/service/logic.go:30.81,32.71 1 0
api-airbnb-alta/features/user/service/logic.go:37.2,42.31 2 0
api-airbnb-alta/features/user/service/logic.go:46.2,46.77 1 0
api-airbnb-alta/features/user/service/logic.go:51.2,52.17 2 0
api-airbnb-alta/features/user/service/logic.go:63.2,64.23 2 0
api-airbnb-alta/features/user/service/logic.go:69.2,73.22 4 0
api-airbnb-alta/features/user/service/logic.go:78.2,78.12 1 0
api-airbnb-alta/features/user/service/logic.go:32.71,34.3 1 0
api-airbnb-alta/features/user/service/logic.go:42.31,44.3 1 0
api-airbnb-alta/features/user/service/logic.go:46.77,48.3 1 0
api-airbnb-alta/features/user/service/logic.go:52.17,54.17 2 0
api-airbnb-alta/features/user/service/logic.go:57.3,58.30 2 0
api-airbnb-alta/features/user/service/logic.go:54.17,56.4 1 0
api-airbnb-alta/features/user/service/logic.go:59.8,61.3 1 0
api-airbnb-alta/features/user/service/logic.go:64.23,67.3 2 0
api-airbnb-alta/features/user/service/logic.go:73.22,76.3 2 0
api-airbnb-alta/features/user/service/logic.go:82.80,84.17 1 1
api-airbnb-alta/features/user/service/logic.go:90.2,90.16 1 1
api-airbnb-alta/features/user/service/logic.go:95.2,95.20 1 1
api-airbnb-alta/features/user/service/logic.go:100.2,100.18 1 1
api-airbnb-alta/features/user/service/logic.go:84.17,86.3 1 1
api-airbnb-alta/features/user/service/logic.go:86.8,88.3 1 1
api-airbnb-alta/features/user/service/logic.go:90.16,93.3 2 1
api-airbnb-alta/features/user/service/logic.go:95.20,98.3 2 1
api-airbnb-alta/features/user/service/logic.go:103.73,105.16 2 1
api-airbnb-alta/features/user/service/logic.go:110.2,110.27 1 1
api-airbnb-alta/features/user/service/logic.go:115.2,115.18 1 1
api-airbnb-alta/features/user/service/logic.go:105.16,108.3 2 1
api-airbnb-alta/features/user/service/logic.go:110.27,113.3 2 1
api-airbnb-alta/features/user/service/logic.go:119.67,121.71 1 0
api-airbnb-alta/features/user/service/logic.go:125.2,125.26 1 0
api-airbnb-alta/features/user/service/logic.go:131.2,132.22 2 0
api-airbnb-alta/features/user/service/logic.go:138.2,143.58 4 0
api-airbnb-alta/features/user/service/logic.go:147.2,147.77 1 0
api-airbnb-alta/features/user/service/logic.go:152.2,153.16 2 0
api-airbnb-alta/features/user/service/logic.go:158.2,158.12 1 0
api-airbnb-alta/features/user/service/logic.go:121.71,123.3 1 0
api-airbnb-alta/features/user/service/logic.go:125.26,128.3 2 0
api-airbnb-alta/features/user/service/logic.go:132.22,135.3 2 0
api-airbnb-alta/features/user/service/logic.go:143.58,145.3 1 0
api-airbnb-alta/features/user/service/logic.go:147.77,149.3 1 0
api-airbnb-alta/features/user/service/logic.go:153.16,156.3 2 0
api-airbnb-alta/features/user/service/logic.go:161.50,164.22 2 0
api-airbnb-alta/features/user/service/logic.go:170.2,171.16 2 0
api-airbnb-alta/features/user/service/logic.go:175.2,175.12 1 0
api-airbnb-alta/features/user/service/logic.go:164.22,167.3 2 0
api-airbnb-alta/features/user/service/logic.go:171.16,174.3 2 0
api-airbnb-alta/features/user/service/logic.go:179.85,181.16 2 1
api-airbnb-alta/features/user/service/logic.go:186.2,186.20 1 1
api-airbnb-alta/features/user/service/logic.go:191.2,191.18 1 1
api-airbnb-alta/features/user/service/logic.go:181.16,184.3 2 1
api-airbnb-alta/features/user/service/logic.go:186.20,189.3 2 1
api-airbnb-alta/features/propertyImage/service/logic.go:19.81,24.2 1 1
api-airbnb-alta/features/propertyImage/service/logic.go:26.99,29.71 1 0
api-airbnb-alta/features/propertyImage/service/logic.go:34.2,35.17 2 0
api-airbnb-alta/features/propertyImage/service/logic.go:48.2,49.22 2 0
api-airbnb-alta/features/propertyImage/service/logic.go:54.2,54.12 1 0
api-airbnb-alta/features/propertyImage/service/logic.go:29.71,31.3 1 0
api-airbnb-alta/features/propertyImage/service/logic.go:35.17,37.17 2 0
api-airbnb-alta/features/propertyImage/service/logic.go:41.3,42.23 2 0
api-airbnb-alta/features/propertyImage/service/logic.go:37.17,40.4 2 0
api-airbnb-alta/features/propertyImage/service/logic.go:43.8,46.3 2 0
api-airbnb-alta/features/propertyImage/service/logic.go:49.22,52.3 2 0
api-airbnb-alta/features/propertyImage/service/logic.go:58.98,62.16 2 1
api-airbnb-alta/features/propertyImage/service/logic.go:67.2,67.20 1 1
api-airbnb-alta/features/propertyImage/service/logic.go:72.2,72.18 1 1
api-airbnb-alta/features/propertyImage/service/logic.go:62.16,65.3 2 1
api-airbnb-alta/features/propertyImage/service/logic.go:67.20,70.3 2 1
api-airbnb-alta/features/propertyImage/service/logic.go:75.91,77.16 2 1
api-airbnb-alta/features/propertyImage/service/logic.go:82.2,82.36 1 1
api-airbnb-alta/features/propertyImage/service/logic.go:87.2,87.18 1 1
api-airbnb-alta/features/propertyImage/service/logic.go:77.16,80.3 2 1
api-airbnb-alta/features/propertyImage/service/logic.go:82.36,85.3 2 1
api-airbnb-alta/features/propertyImage/service/logic.go:91.101,94.71 1 0
api-airbnb-alta/features/propertyImage/service/logic.go:99.2,100.22 2 0
api-airbnb-alta/features/propertyImage/service/logic.go:106.2,107.17 2 0
api-airbnb-alta/features/propertyImage/service/logic.go:121.2,122.16 2 0
api-airbnb-alta/features/propertyImage/service/logic.go:127.2,127.12 1 0
api-airbnb-alta/features/propertyImage/service/logic.go:94.71,96.3 1 0
api-airbnb-alta/features/propertyImage/service/logic.go:100.22,103.3 2 0
api-airbnb-alta/features/propertyImage/service/logic.go:107.17,109.17 2 0
api-airbnb-alta/features/propertyImage/service/logic.go:113.3,114.23 2 0
api-airbnb-alta/features/propertyImage/service/logic.go:109.17,112.4 2 0
api-airbnb-alta/features/propertyImage/service/logic.go:115.8,118.3 2 0
api-airbnb-alta/features/propertyImage/service/logic.go:122.16,125.3 2 0
api-airbnb-alta/features/propertyImage/service/logic.go:130.59,133.22 2 0
api-airbnb-alta/features/propertyImage/service/logic.go:139.2,140.16 2 0
api-airbnb-alta/features/propertyImage/service/logic.go:144.2,144.12 1 0
api-airbnb-alta/features/propertyImage/service/logic.go:133.22,136.3 2 0
api-airbnb-alta/features/propertyImage/service/logic.go:140.16,143.3 2 0
api-airbnb-alta/features/propertyImage/service/logic.go:148.103,150.16 2 1
api-airbnb-alta/features/propertyImage/service/logic.go:155.2,155.40 1 1
api-airbnb-alta/features/propertyImage/service/logic.go:160.2,160.18 1 1
api-airbnb-alta/features/propertyImage/service/logic.go:150.16,153.3 2 1
api-airbnb-alta/features/propertyImage/service/logic.go:155.40,158.3 2 1
